<?xml version="1.0" encoding="UTF-8"?>
<!-- Generated by org.testng.reporters.JUnitXMLReporter -->
<testsuite ignored="2" hostname="LAPTOP-LLH2NADG" failures="0" tests="1" name="ProjectTDD" time="27.349" errors="0" timestamp="2023-08-12T09:27:26 BST">
  <testcase classname="ProjectSalinaka.SignUpTestCases" name="SingUP1" time="14.889"/>
  <testcase classname="ProjectSalinaka.SignUpTestCases" name="SingUP2" time="0.0">
    <ignored/>
  </testcase> <!-- SingUP2 -->
  <testcase classname="ProjectSalinaka.SignUpTestCases" name="SingUP3" time="0.0">
    <ignored/>
  </testcase> <!-- SingUP3 -->
</testsuite> <!-- ProjectTDD -->
