<?xml version="1.0" encoding="UTF-8"?>
<!-- Generated by org.testng.reporters.JUnitXMLReporter -->
<testsuite ignored="0" hostname="LAPTOP-LLH2NADG" failures="0" tests="7" name="Test" time="112.871" errors="0" timestamp="2023-08-12T13:51:12 BST">
  <testcase classname="SinginTestCases" name="SingIN1" time="10.295"/>
  <testcase classname="SinginTestCases" name="SingIN2" time="8.162"/>
  <testcase classname="SinginTestCases" name="SingIN3" time="7.853"/>
  <testcase classname="ProjectSalinaka.SignUpTestCases" name="SingUP1" time="13.124"/>
  <testcase classname="ProjectSalinaka.SignUpTestCases" name="SingUP2" time="13.158"/>
  <testcase classname="ProjectSalinaka.SignUpTestCases" name="SingUP3" time="13.118"/>
  <testcase classname="ProjectSalinaka.ProductsTestCase" name="SelectingProduct" time="20.19"/>
</testsuite> <!-- Test -->
